Started GET "/" for 172.18.0.1 at 2018-05-05 21:51:26 +0000
Processing by Rails::WelcomeController#index as HTML
  Rendering /usr/local/bundle/gems/railties-5.2.0/lib/rails/templates/rails/welcome/index.html.erb
  Rendered /usr/local/bundle/gems/railties-5.2.0/lib/rails/templates/rails/welcome/index.html.erb (3.0ms)
Completed 200 OK in 9ms (Views: 7.7ms | ActiveRecord: 0.0ms)


Started GET "/" for 172.18.0.1 at 2018-05-05 21:51:30 +0000
Processing by Rails::WelcomeController#index as HTML
  Rendering /usr/local/bundle/gems/railties-5.2.0/lib/rails/templates/rails/welcome/index.html.erb
  Rendered /usr/local/bundle/gems/railties-5.2.0/lib/rails/templates/rails/welcome/index.html.erb (2.0ms)
Completed 200 OK in 4ms (Views: 2.9ms | ActiveRecord: 0.0ms)


Started GET "/" for 172.18.0.1 at 2018-05-05 22:02:53 +0000
  
ActiveRecord::NoDatabaseError (FATAL:  database "runlog_development" does not exist
):
  
activerecord (5.2.0) lib/active_record/connection_adapters/postgresql_adapter.rb:688:in `rescue in connect'
activerecord (5.2.0) lib/active_record/connection_adapters/postgresql_adapter.rb:683:in `connect'
activerecord (5.2.0) lib/active_record/connection_adapters/postgresql_adapter.rb:215:in `initialize'
activerecord (5.2.0) lib/active_record/connection_adapters/postgresql_adapter.rb:40:in `new'
activerecord (5.2.0) lib/active_record/connection_adapters/postgresql_adapter.rb:40:in `postgresql_connection'
activerecord (5.2.0) lib/active_record/connection_adapters/abstract/connection_pool.rb:809:in `new_connection'
activerecord (5.2.0) lib/active_record/connection_adapters/abstract/connection_pool.rb:853:in `checkout_new_connection'
activerecord (5.2.0) lib/active_record/connection_adapters/abstract/connection_pool.rb:832:in `try_to_checkout_new_connection'
activerecord (5.2.0) lib/active_record/connection_adapters/abstract/connection_pool.rb:793:in `acquire_connection'
activerecord (5.2.0) lib/active_record/connection_adapters/abstract/connection_pool.rb:521:in `checkout'
activerecord (5.2.0) lib/active_record/connection_adapters/abstract/connection_pool.rb:380:in `connection'
activerecord (5.2.0) lib/active_record/connection_adapters/abstract/connection_pool.rb:1008:in `retrieve_connection'
activerecord (5.2.0) lib/active_record/connection_handling.rb:118:in `retrieve_connection'
activerecord (5.2.0) lib/active_record/connection_handling.rb:90:in `connection'
activerecord (5.2.0) lib/active_record/migration.rb:554:in `call'
actionpack (5.2.0) lib/action_dispatch/middleware/callbacks.rb:28:in `block in call'
activesupport (5.2.0) lib/active_support/callbacks.rb:98:in `run_callbacks'
actionpack (5.2.0) lib/action_dispatch/middleware/callbacks.rb:26:in `call'
actionpack (5.2.0) lib/action_dispatch/middleware/executor.rb:14:in `call'
actionpack (5.2.0) lib/action_dispatch/middleware/debug_exceptions.rb:61:in `call'
actionpack (5.2.0) lib/action_dispatch/middleware/show_exceptions.rb:33:in `call'
railties (5.2.0) lib/rails/rack/logger.rb:38:in `call_app'
railties (5.2.0) lib/rails/rack/logger.rb:26:in `block in call'
activesupport (5.2.0) lib/active_support/tagged_logging.rb:71:in `block in tagged'
activesupport (5.2.0) lib/active_support/tagged_logging.rb:28:in `tagged'
activesupport (5.2.0) lib/active_support/tagged_logging.rb:71:in `tagged'
railties (5.2.0) lib/rails/rack/logger.rb:26:in `call'
actionpack (5.2.0) lib/action_dispatch/middleware/remote_ip.rb:81:in `call'
actionpack (5.2.0) lib/action_dispatch/middleware/request_id.rb:27:in `call'
rack (2.0.5) lib/rack/runtime.rb:22:in `call'
activesupport (5.2.0) lib/active_support/cache/strategy/local_cache_middleware.rb:29:in `call'
actionpack (5.2.0) lib/action_dispatch/middleware/executor.rb:14:in `call'
actionpack (5.2.0) lib/action_dispatch/middleware/static.rb:127:in `call'
rack (2.0.5) lib/rack/sendfile.rb:111:in `call'
railties (5.2.0) lib/rails/engine.rb:524:in `call'
puma (3.11.4) lib/puma/configuration.rb:225:in `call'
puma (3.11.4) lib/puma/server.rb:632:in `handle_request'
puma (3.11.4) lib/puma/server.rb:446:in `process_client'
puma (3.11.4) lib/puma/server.rb:306:in `block in run'
puma (3.11.4) lib/puma/thread_pool.rb:120:in `block in spawn_thread'
  [1m[35m (1049.5ms)[0m  [1m[35mCREATE DATABASE "runlog_development" ENCODING = 'unicode'[0m
  ↳ /usr/local/bundle/bin/rake:29
  [1m[35m (1211.2ms)[0m  [1m[35mCREATE DATABASE "runlog_test" ENCODING = 'unicode'[0m
  ↳ /usr/local/bundle/bin/rake:29
Started GET "/" for 172.18.0.1 at 2018-05-05 22:03:08 +0000
Processing by Rails::WelcomeController#index as HTML
  Rendering /usr/local/bundle/gems/railties-5.2.0/lib/rails/templates/rails/welcome/index.html.erb
  Rendered /usr/local/bundle/gems/railties-5.2.0/lib/rails/templates/rails/welcome/index.html.erb (3.9ms)
Completed 200 OK in 11ms (Views: 9.4ms | ActiveRecord: 0.0ms)


